<?xml version="1.0" encoding="UTF-8"?>
<testsuite xmlns:xsi="http://www.w3.org/2001/XMLSchema-instance" xsi:noNamespaceSchemaLocation="https://maven.apache.org/surefire/maven-surefire-plugin/xsd/surefire-test-report-3.0.xsd" version="3.0" name="com.employee_management.EmployeeManagementApplicationTests" time="9.776" tests="1" errors="0" skipped="0" failures="0">
  <properties>
[...]
</properties>
  <testcase name="contextLoads" classname="com.employee_management.EmployeeManagementApplicationTests" time="0.76">
    <system-out><![CDATA[08:46:02.327 [main] INFO org.springframework.test.context.support.AnnotationConfigContextLoaderUtils -- Could not detect default configuration classes for test class [com.employee_management.EmployeeManagementApplicationTests]: EmployeeManagementApplicationTests does not declare any static, non-private, non-final, nested classes annotated with @Configuration.
08:46:02.483 [main] INFO org.springframework.boot.test.context.SpringBootTestContextBootstrapper -- Found @SpringBootConfiguration com.employee_management.EmployeeManagementApplication for test class com.employee_management.EmployeeManagementApplicationTests
08:46:02.834 [main] INFO org.springframework.boot.devtools.restart.RestartApplicationListener -- Restart disabled due to context in which it is running

  .   ____          _            __ _ _
 /\\ / ___'_ __ _ _(_)_ __  __ _ \ \ \ \
( ( )\___ | '_ | '_| | '_ \/ _` | \ \ \ \
 \\/  ___)| |_)| | | | | || (_| |  ) ) ) )
  '  |____| .__|_| |_|_| |_\__, | / / / /
 =========|_|==============|___/=/_/_/_/
 :: Spring Boot ::                (v3.2.1)

2024-02-22T08:46:03.312+05:30  INFO 7460 --- [           main] c.e.EmployeeManagementApplicationTests   : Starting EmployeeManagementApplicationTests using Java 17.0.9 with PID 7460 (started by nisha in D:\Study\WEB dev\Spring\employee_management)
2024-02-22T08:46:03.315+05:30  INFO 7460 --- [           main] c.e.EmployeeManagementApplicationTests   : No active profile set, falling back to 1 default profile: "default"
2024-02-22T08:46:04.698+05:30  INFO 7460 --- [           main] .s.d.r.c.RepositoryConfigurationDelegate : Bootstrapping Spring Data JPA repositories in DEFAULT mode.
2024-02-22T08:46:04.812+05:30  INFO 7460 --- [           main] .s.d.r.c.RepositoryConfigurationDelegate : Finished Spring Data repository scanning in 100 ms. Found 1 JPA repository interface.
2024-02-22T08:46:05.767+05:30  INFO 7460 --- [           main] o.hibernate.jpa.internal.util.LogHelper  : HHH000204: Processing PersistenceUnitInfo [name: default]
2024-02-22T08:46:06.061+05:30  INFO 7460 --- [           main] org.hibernate.Version                    : HHH000412: Hibernate ORM core version 6.4.1.Final
2024-02-22T08:46:06.167+05:30  INFO 7460 --- [           main] o.h.c.internal.RegionFactoryInitiator    : HHH000026: Second-level cache disabled
2024-02-22T08:46:06.391+05:30 DEBUG 7460 --- [           main] org.hibernate.type.BasicTypeRegistry     : Adding type registration boolean -> org.hibernate.type.BasicTypeReference@32a72c4
2024-02-22T08:46:06.391+05:30 DEBUG 7460 --- [           main] org.hibernate.type.BasicTypeRegistry     : Adding type registration boolean -> org.hibernate.type.BasicTypeReference@32a72c4
2024-02-22T08:46:06.392+05:30 DEBUG 7460 --- [           main] org.hibernate.type.BasicTypeRegistry     : Adding type registration java.lang.Boolean -> org.hibernate.type.BasicTypeReference@32a72c4
2024-02-22T08:46:06.392+05:30 DEBUG 7460 --- [           main] org.hibernate.type.BasicTypeRegistry     : Adding type registration numeric_boolean -> org.hibernate.type.BasicTypeReference@15986dd5
2024-02-22T08:46:06.392+05:30 DEBUG 7460 --- [           main] org.hibernate.type.BasicTypeRegistry     : Adding type registration org.hibernate.type.NumericBooleanConverter -> org.hibernate.type.BasicTypeReference@15986dd5
2024-02-22T08:46:06.392+05:30 DEBUG 7460 --- [           main] org.hibernate.type.BasicTypeRegistry     : Adding type registration true_false -> org.hibernate.type.BasicTypeReference@678a9516
2024-02-22T08:46:06.392+05:30 DEBUG 7460 --- [           main] org.hibernate.type.BasicTypeRegistry     : Adding type registration org.hibernate.type.TrueFalseConverter -> org.hibernate.type.BasicTypeReference@678a9516
2024-02-22T08:46:06.392+05:30 DEBUG 7460 --- [           main] org.hibernate.type.BasicTypeRegistry     : Adding type registration yes_no -> org.hibernate.type.BasicTypeReference@5bf9ea6b
2024-02-22T08:46:06.393+05:30 DEBUG 7460 --- [           main] org.hibernate.type.BasicTypeRegistry     : Adding type registration org.hibernate.type.YesNoConverter -> org.hibernate.type.BasicTypeReference@5bf9ea6b
2024-02-22T08:46:06.393+05:30 DEBUG 7460 --- [           main] org.hibernate.type.BasicTypeRegistry     : Adding type registration byte -> org.hibernate.type.BasicTypeReference@b950f82
2024-02-22T08:46:06.393+05:30 DEBUG 7460 --- [           main] org.hibernate.type.BasicTypeRegistry     : Adding type registration byte -> org.hibernate.type.BasicTypeReference@b950f82
2024-02-22T08:46:06.393+05:30 DEBUG 7460 --- [           main] org.hibernate.type.BasicTypeRegistry     : Adding type registration java.lang.Byte -> org.hibernate.type.BasicTypeReference@b950f82
2024-02-22T08:46:06.394+05:30 DEBUG 7460 --- [           main] org.hibernate.type.BasicTypeRegistry     : Adding type registration binary -> org.hibernate.type.BasicTypeReference@5d352de0
2024-02-22T08:46:06.394+05:30 DEBUG 7460 --- [           main] org.hibernate.type.BasicTypeRegistry     : Adding type registration byte[] -> org.hibernate.type.BasicTypeReference@5d352de0
2024-02-22T08:46:06.394+05:30 DEBUG 7460 --- [           main] org.hibernate.type.BasicTypeRegistry     : Adding type registration [B -> org.hibernate.type.BasicTypeReference@5d352de0
2024-02-22T08:46:06.395+05:30 DEBUG 7460 --- [           main] org.hibernate.type.BasicTypeRegistry     : Adding type registration binary_wrapper -> org.hibernate.type.BasicTypeReference@59d0cdb6
2024-02-22T08:46:06.395+05:30 DEBUG 7460 --- [           main] org.hibernate.type.BasicTypeRegistry     : Adding type registration wrapper-binary -> org.hibernate.type.BasicTypeReference@59d0cdb6
2024-02-22T08:46:06.395+05:30 DEBUG 7460 --- [           main] org.hibernate.type.BasicTypeRegistry     : Adding type registration image -> org.hibernate.type.BasicTypeReference@2dfeb141
2024-02-22T08:46:06.395+05:30 DEBUG 7460 --- [           main] org.hibernate.type.BasicTypeRegistry     : Adding type registration blob -> org.hibernate.type.BasicTypeReference@629e8212
2024-02-22T08:46:06.395+05:30 DEBUG 7460 --- [           main] org.hibernate.type.BasicTypeRegistry     : Adding type registration java.sql.Blob -> org.hibernate.type.BasicTypeReference@629e8212
2024-02-22T08:46:06.395+05:30 DEBUG 7460 --- [           main] org.hibernate.type.BasicTypeRegistry     : Adding type registration materialized_blob -> org.hibernate.type.BasicTypeReference@498c535d
2024-02-22T08:46:06.396+05:30 DEBUG 7460 --- [           main] org.hibernate.type.BasicTypeRegistry     : Adding type registration materialized_blob_wrapper -> org.hibernate.type.BasicTypeReference@16ee9aa7
2024-02-22T08:46:06.396+05:30 DEBUG 7460 --- [           main] org.hibernate.type.BasicTypeRegistry     : Adding type registration short -> org.hibernate.type.BasicTypeReference@4e424582
2024-02-22T08:46:06.396+05:30 DEBUG 7460 --- [           main] org.hibernate.type.BasicTypeRegistry     : Adding type registration short -> org.hibernate.type.BasicTypeReference@4e424582
2024-02-22T08:46:06.396+05:30 DEBUG 7460 --- [           main] org.hibernate.type.BasicTypeRegistry     : Adding type registration java.lang.Short -> org.hibernate.type.BasicTypeReference@4e424582
2024-02-22T08:46:06.396+05:30 DEBUG 7460 --- [           main] org.hibernate.type.BasicTypeRegistry     : Adding type registration integer -> org.hibernate.type.BasicTypeReference@58dad04a
2024-02-22T08:46:06.397+05:30 DEBUG 7460 --- [           main] org.hibernate.type.BasicTypeRegistry     : Adding type registration int -> org.hibernate.type.BasicTypeReference@58dad04a
2024-02-22T08:46:06.397+05:30 DEBUG 7460 --- [           main] org.hibernate.type.BasicTypeRegistry     : Adding type registration java.lang.Integer -> org.hibernate.type.BasicTypeReference@58dad04a
2024-02-22T08:46:06.397+05:30 DEBUG 7460 --- [           main] org.hibernate.type.BasicTypeRegistry     : Adding type registration long -> org.hibernate.type.BasicTypeReference@73e776b7
2024-02-22T08:46:06.397+05:30 DEBUG 7460 --- [           main] org.hibernate.type.BasicTypeRegistry     : Adding type registration long -> org.hibernate.type.BasicTypeReference@73e776b7
2024-02-22T08:46:06.397+05:30 DEBUG 7460 --- [           main] org.hibernate.type.BasicTypeRegistry     : Adding type registration java.lang.Long -> org.hibernate.type.BasicTypeReference@73e776b7
2024-02-22T08:46:06.398+05:30 DEBUG 7460 --- [           main] org.hibernate.type.BasicTypeRegistry     : Adding type registration float -> org.hibernate.type.BasicTypeReference@113ee1ce
2024-02-22T08:46:06.398+05:30 DEBUG 7460 --- [           main] org.hibernate.type.BasicTypeRegistry     : Adding type registration float -> org.hibernate.type.BasicTypeReference@113ee1ce
2024-02-22T08:46:06.398+05:30 DEBUG 7460 --- [           main] org.hibernate.type.BasicTypeRegistry     : Adding type registration java.lang.Float -> org.hibernate.type.BasicTypeReference@113ee1ce
2024-02-22T08:46:06.398+05:30 DEBUG 7460 --- [           main] org.hibernate.type.BasicTypeRegistry     : Adding type registration double -> org.hibernate.type.BasicTypeReference@4d0cc83e
2024-02-22T08:46:06.398+05:30 DEBUG 7460 --- [           main] org.hibernate.type.BasicTypeRegistry     : Adding type registration double -> org.hibernate.type.BasicTypeReference@4d0cc83e
2024-02-22T08:46:06.398+05:30 DEBUG 7460 --- [           main] org.hibernate.type.BasicTypeRegistry     : Adding type registration java.lang.Double -> org.hibernate.type.BasicTypeReference@4d0cc83e
2024-02-22T08:46:06.398+05:30 DEBUG 7460 --- [           main] org.hibernate.type.BasicTypeRegistry     : Adding type registration big_integer -> org.hibernate.type.BasicTypeReference@43da0955
2024-02-22T08:46:06.398+05:30 DEBUG 7460 --- [           main] org.hibernate.type.BasicTypeRegistry     : Adding type registration java.math.BigInteger -> org.hibernate.type.BasicTypeReference@43da0955
2024-02-22T08:46:06.399+05:30 DEBUG 7460 --- [           main] org.hibernate.type.BasicTypeRegistry     : Adding type registration big_decimal -> org.hibernate.type.BasicTypeReference@bc09d57
2024-02-22T08:46:06.399+05:30 DEBUG 7460 --- [           main] org.hibernate.type.BasicTypeRegistry     : Adding type registration java.math.BigDecimal -> org.hibernate.type.BasicTypeReference@bc09d57
2024-02-22T08:46:06.399+05:30 DEBUG 7460 --- [           main] org.hibernate.type.BasicTypeRegistry     : Adding type registration character -> org.hibernate.type.BasicTypeReference@6d963d70
2024-02-22T08:46:06.399+05:30 DEBUG 7460 --- [           main] org.hibernate.type.BasicTypeRegistry     : Adding type registration char -> org.hibernate.type.BasicTypeReference@6d963d70
2024-02-22T08:46:06.399+05:30 DEBUG 7460 --- [           main] org.hibernate.type.BasicTypeRegistry     : Adding type registration java.lang.Character -> org.hibernate.type.BasicTypeReference@6d963d70
2024-02-22T08:46:06.400+05:30 DEBUG 7460 --- [           main] org.hibernate.type.BasicTypeRegistry     : Adding type registration character_nchar -> org.hibernate.type.BasicTypeReference@467045c4
2024-02-22T08:46:06.400+05:30 DEBUG 7460 --- [           main] org.hibernate.type.BasicTypeRegistry     : Adding type registration string -> org.hibernate.type.BasicTypeReference@55736cfe
2024-02-22T08:46:06.400+05:30 DEBUG 7460 --- [           main] org.hibernate.type.BasicTypeRegistry     : Adding type registration java.lang.String -> org.hibernate.type.BasicTypeReference@55736cfe
2024-02-22T08:46:06.400+05:30 DEBUG 7460 --- [           main] org.hibernate.type.BasicTypeRegistry     : Adding type registration nstring -> org.hibernate.type.BasicTypeReference@5a566922
2024-02-22T08:46:06.400+05:30 DEBUG 7460 --- [           main] org.hibernate.type.BasicTypeRegistry     : Adding type registration characters -> org.hibernate.type.BasicTypeReference@6f7a2a5
2024-02-22T08:46:06.400+05:30 DEBUG 7460 --- [           main] org.hibernate.type.BasicTypeRegistry     : Adding type registration char[] -> org.hibernate.type.BasicTypeReference@6f7a2a5
2024-02-22T08:46:06.400+05:30 DEBUG 7460 --- [           main] org.hibernate.type.BasicTypeRegistry     : Adding type registration [C -> org.hibernate.type.BasicTypeReference@6f7a2a5
2024-02-22T08:46:06.401+05:30 DEBUG 7460 --- [           main] org.hibernate.type.BasicTypeRegistry     : Adding type registration wrapper-characters -> org.hibernate.type.BasicTypeReference@42ed89da
2024-02-22T08:46:06.401+05:30 DEBUG 7460 --- [           main] org.hibernate.type.BasicTypeRegistry     : Adding type registration text -> org.hibernate.type.BasicTypeReference@c3719e5
2024-02-22T08:46:06.401+05:30 DEBUG 7460 --- [           main] org.hibernate.type.BasicTypeRegistry     : Adding type registration ntext -> org.hibernate.type.BasicTypeReference@65c17e38
2024-02-22T08:46:06.401+05:30 DEBUG 7460 --- [           main] org.hibernate.type.BasicTypeRegistry     : Adding type registration clob -> org.hibernate.type.BasicTypeReference@5e180aaf
2024-02-22T08:46:06.401+05:30 DEBUG 7460 --- [           main] org.hibernate.type.BasicTypeRegistry     : Adding type registration java.sql.Clob -> org.hibernate.type.BasicTypeReference@5e180aaf
2024-02-22T08:46:06.401+05:30 DEBUG 7460 --- [           main] org.hibernate.type.BasicTypeRegistry     : Adding type registration nclob -> org.hibernate.type.BasicTypeReference@7015ebef
2024-02-22T08:46:06.401+05:30 DEBUG 7460 --- [           main] org.hibernate.type.BasicTypeRegistry     : Adding type registration java.sql.NClob -> org.hibernate.type.BasicTypeReference@7015ebef
2024-02-22T08:46:06.401+05:30 DEBUG 7460 --- [           main] org.hibernate.type.BasicTypeRegistry     : Adding type registration materialized_clob -> org.hibernate.type.BasicTypeReference@44592c39
2024-02-22T08:46:06.401+05:30 DEBUG 7460 --- [           main] org.hibernate.type.BasicTypeRegistry     : Adding type registration materialized_clob_char_array -> org.hibernate.type.BasicTypeReference@2a87ba34
2024-02-22T08:46:06.402+05:30 DEBUG 7460 --- [           main] org.hibernate.type.BasicTypeRegistry     : Adding type registration materialized_clob_character_array -> org.hibernate.type.BasicTypeReference@34d480b9
2024-02-22T08:46:06.402+05:30 DEBUG 7460 --- [           main] org.hibernate.type.BasicTypeRegistry     : Adding type registration materialized_nclob -> org.hibernate.type.BasicTypeReference@6b415f5f
2024-02-22T08:46:06.402+05:30 DEBUG 7460 --- [           main] org.hibernate.type.BasicTypeRegistry     : Adding type registration materialized_nclob_character_array -> org.hibernate.type.BasicTypeReference@66749eea
2024-02-22T08:46:06.402+05:30 DEBUG 7460 --- [           main] org.hibernate.type.BasicTypeRegistry     : Adding type registration materialized_nclob_char_array -> org.hibernate.type.BasicTypeReference@7135ce0a
2024-02-22T08:46:06.402+05:30 DEBUG 7460 --- [           main] org.hibernate.type.BasicTypeRegistry     : Adding type registration Duration -> org.hibernate.type.BasicTypeReference@617449dd
2024-02-22T08:46:06.402+05:30 DEBUG 7460 --- [           main] org.hibernate.type.BasicTypeRegistry     : Adding type registration java.time.Duration -> org.hibernate.type.BasicTypeReference@617449dd
2024-02-22T08:46:06.402+05:30 DEBUG 7460 --- [           main] org.hibernate.type.BasicTypeRegistry     : Adding type registration LocalDateTime -> org.hibernate.type.BasicTypeReference@2e590b
2024-02-22T08:46:06.403+05:30 DEBUG 7460 --- [           main] org.hibernate.type.BasicTypeRegistry     : Adding type registration java.time.LocalDateTime -> org.hibernate.type.BasicTypeReference@2e590b
2024-02-22T08:46:06.403+05:30 DEBUG 7460 --- [           main] org.hibernate.type.BasicTypeRegistry     : Adding type registration LocalDate -> org.hibernate.type.BasicTypeReference@42ef042a
2024-02-22T08:46:06.403+05:30 DEBUG 7460 --- [           main] org.hibernate.type.BasicTypeRegistry     : Adding type registration java.time.LocalDate -> org.hibernate.type.BasicTypeReference@42ef042a
2024-02-22T08:46:06.403+05:30 DEBUG 7460 --- [           main] org.hibernate.type.BasicTypeRegistry     : Adding type registration LocalTime -> org.hibernate.type.BasicTypeReference@1df5c7e3
2024-02-22T08:46:06.403+05:30 DEBUG 7460 --- [           main] org.hibernate.type.BasicTypeRegistry     : Adding type registration java.time.LocalTime -> org.hibernate.type.BasicTypeReference@1df5c7e3
2024-02-22T08:46:06.404+05:30 DEBUG 7460 --- [           main] org.hibernate.type.BasicTypeRegistry     : Adding type registration OffsetDateTime -> org.hibernate.type.BasicTypeReference@5e0c4f21
2024-02-22T08:46:06.404+05:30 DEBUG 7460 --- [           main] org.hibernate.type.BasicTypeRegistry     : Adding type registration java.time.OffsetDateTime -> org.hibernate.type.BasicTypeReference@5e0c4f21
2024-02-22T08:46:06.404+05:30 DEBUG 7460 --- [           main] org.hibernate.type.BasicTypeRegistry     : Adding type registration OffsetDateTimeWithTimezone -> org.hibernate.type.BasicTypeReference@2c18a3ea
2024-02-22T08:46:06.404+05:30 DEBUG 7460 --- [           main] org.hibernate.type.BasicTypeRegistry     : Adding type registration OffsetDateTimeWithoutTimezone -> org.hibernate.type.BasicTypeReference@166c2c17
2024-02-22T08:46:06.404+05:30 DEBUG 7460 --- [           main] org.hibernate.type.BasicTypeRegistry     : Adding type registration OffsetTime -> org.hibernate.type.BasicTypeReference@25953be6
2024-02-22T08:46:06.405+05:30 DEBUG 7460 --- [           main] org.hibernate.type.BasicTypeRegistry     : Adding type registration java.time.OffsetTime -> org.hibernate.type.BasicTypeReference@25953be6
2024-02-22T08:46:06.405+05:30 DEBUG 7460 --- [           main] org.hibernate.type.BasicTypeRegistry     : Adding type registration OffsetTimeUtc -> org.hibernate.type.BasicTypeReference@19dc0d32
2024-02-22T08:46:06.405+05:30 DEBUG 7460 --- [           main] org.hibernate.type.BasicTypeRegistry     : Adding type registration OffsetTimeWithTimezone -> org.hibernate.type.BasicTypeReference@70b2fa10
2024-02-22T08:46:06.405+05:30 DEBUG 7460 --- [           main] org.hibernate.type.BasicTypeRegistry     : Adding type registration OffsetTimeWithoutTimezone -> org.hibernate.type.BasicTypeReference@7c96c85
2024-02-22T08:46:06.405+05:30 DEBUG 7460 --- [           main] org.hibernate.type.BasicTypeRegistry     : Adding type registration ZonedDateTime -> org.hibernate.type.BasicTypeReference@b0f2d91
2024-02-22T08:46:06.406+05:30 DEBUG 7460 --- [           main] org.hibernate.type.BasicTypeRegistry     : Adding type registration java.time.ZonedDateTime -> org.hibernate.type.BasicTypeReference@b0f2d91
2024-02-22T08:46:06.406+05:30 DEBUG 7460 --- [           main] org.hibernate.type.BasicTypeRegistry     : Adding type registration ZonedDateTimeWithTimezone -> org.hibernate.type.BasicTypeReference@7243145f
2024-02-22T08:46:06.406+05:30 DEBUG 7460 --- [           main] org.hibernate.type.BasicTypeRegistry     : Adding type registration ZonedDateTimeWithoutTimezone -> org.hibernate.type.BasicTypeReference@15c6027d
2024-02-22T08:46:06.406+05:30 DEBUG 7460 --- [           main] org.hibernate.type.BasicTypeRegistry     : Adding type registration date -> org.hibernate.type.BasicTypeReference@5927f904
2024-02-22T08:46:06.406+05:30 DEBUG 7460 --- [           main] org.hibernate.type.BasicTypeRegistry     : Adding type registration java.sql.Date -> org.hibernate.type.BasicTypeReference@5927f904
2024-02-22T08:46:06.406+05:30 DEBUG 7460 --- [           main] org.hibernate.type.BasicTypeRegistry     : Adding type registration time -> org.hibernate.type.BasicTypeReference@2bb62414
2024-02-22T08:46:06.406+05:30 DEBUG 7460 --- [           main] org.hibernate.type.BasicTypeRegistry     : Adding type registration java.sql.Time -> org.hibernate.type.BasicTypeReference@2bb62414
2024-02-22T08:46:06.406+05:30 DEBUG 7460 --- [           main] org.hibernate.type.BasicTypeRegistry     : Adding type registration timestamp -> org.hibernate.type.BasicTypeReference@413d2cd1
2024-02-22T08:46:06.406+05:30 DEBUG 7460 --- [           main] org.hibernate.type.BasicTypeRegistry     : Adding type registration java.sql.Timestamp -> org.hibernate.type.BasicTypeReference@413d2cd1
2024-02-22T08:46:06.406+05:30 DEBUG 7460 --- [           main] org.hibernate.type.BasicTypeRegistry     : Adding type registration java.util.Date -> org.hibernate.type.BasicTypeReference@413d2cd1
2024-02-22T08:46:06.407+05:30 DEBUG 7460 --- [           main] org.hibernate.type.BasicTypeRegistry     : Adding type registration calendar -> org.hibernate.type.BasicTypeReference@644d1b61
2024-02-22T08:46:06.407+05:30 DEBUG 7460 --- [           main] org.hibernate.type.BasicTypeRegistry     : Adding type registration java.util.Calendar -> org.hibernate.type.BasicTypeReference@644d1b61
2024-02-22T08:46:06.407+05:30 DEBUG 7460 --- [           main] org.hibernate.type.BasicTypeRegistry     : Adding type registration java.util.GregorianCalendar -> org.hibernate.type.BasicTypeReference@644d1b61
2024-02-22T08:46:06.407+05:30 DEBUG 7460 --- [           main] org.hibernate.type.BasicTypeRegistry     : Adding type registration calendar_date -> org.hibernate.type.BasicTypeReference@2443135
2024-02-22T08:46:06.407+05:30 DEBUG 7460 --- [           main] org.hibernate.type.BasicTypeRegistry     : Adding type registration calendar_time -> org.hibernate.type.BasicTypeReference@184823ed
2024-02-22T08:46:06.407+05:30 DEBUG 7460 --- [           main] org.hibernate.type.BasicTypeRegistry     : Adding type registration instant -> org.hibernate.type.BasicTypeReference@30bbcf91
2024-02-22T08:46:06.407+05:30 DEBUG 7460 --- [           main] org.hibernate.type.BasicTypeRegistry     : Adding type registration java.time.Instant -> org.hibernate.type.BasicTypeReference@30bbcf91
2024-02-22T08:46:06.407+05:30 DEBUG 7460 --- [           main] org.hibernate.type.BasicTypeRegistry     : Adding type registration uuid -> org.hibernate.type.BasicTypeReference@3ca14cf4
2024-02-22T08:46:06.407+05:30 DEBUG 7460 --- [           main] org.hibernate.type.BasicTypeRegistry     : Adding type registration java.util.UUID -> org.hibernate.type.BasicTypeReference@3ca14cf4
2024-02-22T08:46:06.408+05:30 DEBUG 7460 --- [           main] org.hibernate.type.BasicTypeRegistry     : Adding type registration pg-uuid -> org.hibernate.type.BasicTypeReference@3ca14cf4
2024-02-22T08:46:06.408+05:30 DEBUG 7460 --- [           main] org.hibernate.type.BasicTypeRegistry     : Adding type registration uuid-binary -> org.hibernate.type.BasicTypeReference@1f4f0fcc
2024-02-22T08:46:06.408+05:30 DEBUG 7460 --- [           main] org.hibernate.type.BasicTypeRegistry     : Adding type registration uuid-char -> org.hibernate.type.BasicTypeReference@46c10083
2024-02-22T08:46:06.408+05:30 DEBUG 7460 --- [           main] org.hibernate.type.BasicTypeRegistry     : Adding type registration class -> org.hibernate.type.BasicTypeReference@28e8888d
2024-02-22T08:46:06.408+05:30 DEBUG 7460 --- [           main] org.hibernate.type.BasicTypeRegistry     : Adding type registration java.lang.Class -> org.hibernate.type.BasicTypeReference@28e8888d
2024-02-22T08:46:06.408+05:30 DEBUG 7460 --- [           main] org.hibernate.type.BasicTypeRegistry     : Adding type registration currency -> org.hibernate.type.BasicTypeReference@1e98b788
2024-02-22T08:46:06.408+05:30 DEBUG 7460 --- [           main] org.hibernate.type.BasicTypeRegistry     : Adding type registration Currency -> org.hibernate.type.BasicTypeReference@1e98b788
2024-02-22T08:46:06.408+05:30 DEBUG 7460 --- [           main] org.hibernate.type.BasicTypeRegistry     : Adding type registration java.util.Currency -> org.hibernate.type.BasicTypeReference@1e98b788
2024-02-22T08:46:06.408+05:30 DEBUG 7460 --- [           main] org.hibernate.type.BasicTypeRegistry     : Adding type registration locale -> org.hibernate.type.BasicTypeReference@794eeaf8
2024-02-22T08:46:06.409+05:30 DEBUG 7460 --- [           main] org.hibernate.type.BasicTypeRegistry     : Adding type registration java.util.Locale -> org.hibernate.type.BasicTypeReference@794eeaf8
2024-02-22T08:46:06.409+05:30 DEBUG 7460 --- [           main] org.hibernate.type.BasicTypeRegistry     : Adding type registration serializable -> org.hibernate.type.BasicTypeReference@37c5284a
2024-02-22T08:46:06.409+05:30 DEBUG 7460 --- [           main] org.hibernate.type.BasicTypeRegistry     : Adding type registration java.io.Serializable -> org.hibernate.type.BasicTypeReference@37c5284a
2024-02-22T08:46:06.409+05:30 DEBUG 7460 --- [           main] org.hibernate.type.BasicTypeRegistry     : Adding type registration timezone -> org.hibernate.type.BasicTypeReference@5b8572df
2024-02-22T08:46:06.409+05:30 DEBUG 7460 --- [           main] org.hibernate.type.BasicTypeRegistry     : Adding type registration java.util.TimeZone -> org.hibernate.type.BasicTypeReference@5b8572df
2024-02-22T08:46:06.409+05:30 DEBUG 7460 --- [           main] org.hibernate.type.BasicTypeRegistry     : Adding type registration ZoneOffset -> org.hibernate.type.BasicTypeReference@7aaad0
2024-02-22T08:46:06.409+05:30 DEBUG 7460 --- [           main] org.hibernate.type.BasicTypeRegistry     : Adding type registration java.time.ZoneOffset -> org.hibernate.type.BasicTypeReference@7aaad0
2024-02-22T08:46:06.409+05:30 DEBUG 7460 --- [           main] org.hibernate.type.BasicTypeRegistry     : Adding type registration url -> org.hibernate.type.BasicTypeReference@eed890d
2024-02-22T08:46:06.409+05:30 DEBUG 7460 --- [           main] org.hibernate.type.BasicTypeRegistry     : Adding type registration java.net.URL -> org.hibernate.type.BasicTypeReference@eed890d
2024-02-22T08:46:06.409+05:30 DEBUG 7460 --- [           main] org.hibernate.type.BasicTypeRegistry     : Adding type registration vector -> org.hibernate.type.BasicTypeReference@10f477e2
2024-02-22T08:46:06.409+05:30 DEBUG 7460 --- [           main] org.hibernate.type.BasicTypeRegistry     : Adding type registration row_version -> org.hibernate.type.BasicTypeReference@6097fca9
2024-02-22T08:46:06.416+05:30 DEBUG 7460 --- [           main] org.hibernate.type.BasicTypeRegistry     : Adding type registration object -> org.hibernate.type.JavaObjectType@7cff3f1d
2024-02-22T08:46:06.416+05:30 DEBUG 7460 --- [           main] org.hibernate.type.BasicTypeRegistry     : Adding type registration java.lang.Object -> org.hibernate.type.JavaObjectType@7cff3f1d
2024-02-22T08:46:06.418+05:30 DEBUG 7460 --- [           main] org.hibernate.type.BasicTypeRegistry     : Adding type registration null -> org.hibernate.type.NullType@5fed9976
2024-02-22T08:46:06.418+05:30 DEBUG 7460 --- [           main] org.hibernate.type.BasicTypeRegistry     : Adding type registration imm_date -> org.hibernate.type.BasicTypeReference@3fdcde7a
2024-02-22T08:46:06.418+05:30 DEBUG 7460 --- [           main] org.hibernate.type.BasicTypeRegistry     : Adding type registration imm_time -> org.hibernate.type.BasicTypeReference@4f363abd
2024-02-22T08:46:06.418+05:30 DEBUG 7460 --- [           main] org.hibernate.type.BasicTypeRegistry     : Adding type registration imm_timestamp -> org.hibernate.type.BasicTypeReference@7302ff13
2024-02-22T08:46:06.418+05:30 DEBUG 7460 --- [           main] org.hibernate.type.BasicTypeRegistry     : Adding type registration imm_calendar -> org.hibernate.type.BasicTypeReference@4017fe2c
2024-02-22T08:46:06.419+05:30 DEBUG 7460 --- [           main] org.hibernate.type.BasicTypeRegistry     : Adding type registration imm_calendar_date -> org.hibernate.type.BasicTypeReference@1961d75a
2024-02-22T08:46:06.419+05:30 DEBUG 7460 --- [           main] org.hibernate.type.BasicTypeRegistry     : Adding type registration imm_calendar_time -> org.hibernate.type.BasicTypeReference@677ce519
2024-02-22T08:46:06.419+05:30 DEBUG 7460 --- [           main] org.hibernate.type.BasicTypeRegistry     : Adding type registration imm_binary -> org.hibernate.type.BasicTypeReference@3e26482
2024-02-22T08:46:06.419+05:30 DEBUG 7460 --- [           main] org.hibernate.type.BasicTypeRegistry     : Adding type registration imm_serializable -> org.hibernate.type.BasicTypeReference@7cfb0c4c
2024-02-22T08:46:06.917+05:30  INFO 7460 --- [           main] o.s.o.j.p.SpringPersistenceUnitInfo      : No LoadTimeWeaver setup: ignoring JPA class transformer
2024-02-22T08:46:06.984+05:30  INFO 7460 --- [           main] com.zaxxer.hikari.HikariDataSource       : HikariPool-1 - Starting...
2024-02-22T08:46:07.678+05:30  INFO 7460 --- [           main] com.zaxxer.hikari.pool.HikariPool        : HikariPool-1 - Added connection com.mysql.cj.jdbc.ConnectionImpl@7de3206d
2024-02-22T08:46:07.682+05:30  INFO 7460 --- [           main] com.zaxxer.hikari.HikariDataSource       : HikariPool-1 - Start completed.
2024-02-22T08:46:07.835+05:30 DEBUG 7460 --- [           main] o.h.t.d.sql.spi.DdlTypeRegistry          : addDescriptor(12, org.hibernate.type.descriptor.sql.internal.CapacityDependentDdlType@64757d56) replaced previous registration(org.hibernate.type.descriptor.sql.internal.CapacityDependentDdlType@4813d0)
2024-02-22T08:46:07.836+05:30 DEBUG 7460 --- [           main] o.h.t.d.sql.spi.DdlTypeRegistry          : addDescriptor(-9, org.hibernate.type.descriptor.sql.internal.CapacityDependentDdlType@702096ef) replaced previous registration(org.hibernate.type.descriptor.sql.internal.CapacityDependentDdlType@5f0d8937)
2024-02-22T08:46:07.836+05:30 DEBUG 7460 --- [           main] o.h.t.d.sql.spi.DdlTypeRegistry          : addDescriptor(-3, org.hibernate.type.descriptor.sql.internal.CapacityDependentDdlType@105dc04d) replaced previous registration(org.hibernate.type.descriptor.sql.internal.CapacityDependentDdlType@504b8705)
2024-02-22T08:46:07.837+05:30 DEBUG 7460 --- [           main] o.h.t.d.sql.spi.DdlTypeRegistry          : addDescriptor(4003, org.hibernate.type.descriptor.sql.internal.DdlTypeImpl@24a8e40d) replaced previous registration(org.hibernate.type.descriptor.sql.internal.DdlTypeImpl@175f859e)
2024-02-22T08:46:07.837+05:30 DEBUG 7460 --- [           main] o.h.t.d.sql.spi.DdlTypeRegistry          : addDescriptor(4001, org.hibernate.type.descriptor.sql.internal.DdlTypeImpl@69fe7090) replaced previous registration(org.hibernate.type.descriptor.sql.internal.DdlTypeImpl@6501b105)
2024-02-22T08:46:07.837+05:30 DEBUG 7460 --- [           main] o.h.t.d.sql.spi.DdlTypeRegistry          : addDescriptor(4002, org.hibernate.type.descriptor.sql.internal.DdlTypeImpl@66ab924) replaced previous registration(org.hibernate.type.descriptor.sql.internal.DdlTypeImpl@6df2af02)
2024-02-22T08:46:07.838+05:30 DEBUG 7460 --- [           main] o.h.t.d.sql.spi.DdlTypeRegistry          : addDescriptor(2004, org.hibernate.type.descriptor.sql.internal.CapacityDependentDdlType@779228dc) replaced previous registration(org.hibernate.type.descriptor.sql.internal.DdlTypeImpl@1f7336b2)
2024-02-22T08:46:07.838+05:30 DEBUG 7460 --- [           main] o.h.t.d.sql.spi.DdlTypeRegistry          : addDescriptor(2005, org.hibernate.type.descriptor.sql.internal.CapacityDependentDdlType@4c030fe1) replaced previous registration(org.hibernate.type.descriptor.sql.internal.DdlTypeImpl@347123dc)
2024-02-22T08:46:07.838+05:30 DEBUG 7460 --- [           main] o.h.t.d.sql.spi.DdlTypeRegistry          : addDescriptor(2011, org.hibernate.type.descriptor.sql.internal.CapacityDependentDdlType@52433946) replaced previous registration(org.hibernate.type.descriptor.sql.internal.DdlTypeImpl@5403431a)
2024-02-22T08:46:07.848+05:30 DEBUG 7460 --- [           main] o.h.t.d.jdbc.spi.JdbcTypeRegistry        : addDescriptor(NCharTypeDescriptor) replaced previous registration(CharTypeDescriptor)
2024-02-22T08:46:07.849+05:30 DEBUG 7460 --- [           main] o.h.t.d.jdbc.spi.JdbcTypeRegistry        : addDescriptor(NVarcharTypeDescriptor) replaced previous registration(VarcharTypeDescriptor)
2024-02-22T08:46:07.850+05:30 DEBUG 7460 --- [           main] o.h.t.d.jdbc.spi.JdbcTypeRegistry        : addDescriptor(LongNVarcharTypeDescriptor) replaced previous registration(LongVarcharTypeDescriptor)
2024-02-22T08:46:07.853+05:30 DEBUG 7460 --- [           main] o.h.t.d.jdbc.spi.JdbcTypeRegistry        : addDescriptor(NClobTypeDescriptor(DEFAULT)) replaced previous registration(ClobTypeDescriptor(DEFAULT))
2024-02-22T08:46:07.853+05:30 DEBUG 7460 --- [           main] o.h.t.d.jdbc.spi.JdbcTypeRegistry        : addDescriptor(2005, ClobTypeDescriptor(STREAM_BINDING)) replaced previous registration(ClobTypeDescriptor(DEFAULT))
2024-02-22T08:46:07.858+05:30 DEBUG 7460 --- [           main] org.hibernate.type.BasicTypeRegistry     : Adding type registration null -> org.hibernate.type.NullType@7e50eeb9
2024-02-22T08:46:07.859+05:30 DEBUG 7460 --- [           main] org.hibernate.type.BasicTypeRegistry     : Type registration key [null] overrode previous entry : `org.hibernate.type.NullType@5fed9976`
2024-02-22T08:46:07.868+05:30 DEBUG 7460 --- [           main] org.hibernate.type.BasicTypeRegistry     : Adding type registration org.hibernate.type.DurationType -> basicType@1(java.time.Duration,2)
2024-02-22T08:46:07.868+05:30 DEBUG 7460 --- [           main] org.hibernate.type.BasicTypeRegistry     : Adding type registration Duration -> basicType@1(java.time.Duration,2)
2024-02-22T08:46:07.868+05:30 DEBUG 7460 --- [           main] org.hibernate.type.BasicTypeRegistry     : Adding type registration java.time.Duration -> basicType@1(java.time.Duration,2)
2024-02-22T08:46:07.873+05:30 DEBUG 7460 --- [           main] org.hibernate.type.BasicTypeRegistry     : Adding type registration org.hibernate.type.OffsetDateTimeType -> basicType@2(java.time.OffsetDateTime,3003)
2024-02-22T08:46:07.873+05:30 DEBUG 7460 --- [           main] org.hibernate.type.BasicTypeRegistry     : Adding type registration OffsetDateTime -> basicType@2(java.time.OffsetDateTime,3003)
2024-02-22T08:46:07.877+05:30 DEBUG 7460 --- [           main] org.hibernate.type.BasicTypeRegistry     : Adding type registration java.time.OffsetDateTime -> basicType@2(java.time.OffsetDateTime,3003)
2024-02-22T08:46:07.878+05:30 DEBUG 7460 --- [           main] org.hibernate.type.BasicTypeRegistry     : Adding type registration org.hibernate.type.ZonedDateTimeType -> basicType@3(java.time.ZonedDateTime,3003)
2024-02-22T08:46:07.878+05:30 DEBUG 7460 --- [           main] org.hibernate.type.BasicTypeRegistry     : Adding type registration ZonedDateTime -> basicType@3(java.time.ZonedDateTime,3003)
2024-02-22T08:46:07.878+05:30 DEBUG 7460 --- [           main] org.hibernate.type.BasicTypeRegistry     : Adding type registration java.time.ZonedDateTime -> basicType@3(java.time.ZonedDateTime,3003)
2024-02-22T08:46:07.885+05:30 DEBUG 7460 --- [           main] org.hibernate.type.BasicTypeRegistry     : Adding type registration org.hibernate.type.OffsetTimeType -> basicType@4(java.time.OffsetTime,3007)
2024-02-22T08:46:07.888+05:30 DEBUG 7460 --- [           main] org.hibernate.type.BasicTypeRegistry     : Adding type registration OffsetTime -> basicType@4(java.time.OffsetTime,3007)
2024-02-22T08:46:07.888+05:30 DEBUG 7460 --- [           main] org.hibernate.type.BasicTypeRegistry     : Adding type registration java.time.OffsetTime -> basicType@4(java.time.OffsetTime,3007)
2024-02-22T08:46:07.893+05:30 DEBUG 7460 --- [           main] o.h.type.spi.TypeConfiguration$Scope     : Scoping TypeConfiguration [org.hibernate.type.spi.TypeConfiguration@52285a5f] to MetadataBuildingContext [org.hibernate.boot.internal.MetadataBuildingContextRootImpl@4fa5cc73]
2024-02-22T08:46:09.551+05:30  INFO 7460 --- [           main] o.h.e.t.j.p.i.JtaPlatformInitiator       : HHH000489: No JTA platform available (set 'hibernate.transaction.jta.platform' to enable JTA platform integration)
2024-02-22T08:46:09.552+05:30 DEBUG 7460 --- [           main] o.h.type.spi.TypeConfiguration$Scope     : Scoping TypeConfiguration [org.hibernate.type.spi.TypeConfiguration@52285a5f] to SessionFactoryImplementor [org.hibernate.internal.SessionFactoryImpl@2f2f92f]
2024-02-22T08:46:09.626+05:30 TRACE 7460 --- [           main] o.h.type.spi.TypeConfiguration$Scope     : Handling #sessionFactoryCreated from [org.hibernate.internal.SessionFactoryImpl@2f2f92f] for TypeConfiguration
2024-02-22T08:46:09.626+05:30  INFO 7460 --- [           main] j.LocalContainerEntityManagerFactoryBean : Initialized JPA EntityManagerFactory for persistence unit 'default'
2024-02-22T08:46:10.311+05:30  WARN 7460 --- [           main] JpaBaseConfiguration$JpaWebConfiguration : spring.jpa.open-in-view is enabled by default. Therefore, database queries may be performed during view rendering. Explicitly configure spring.jpa.open-in-view to disable this warning
2024-02-22T08:46:10.363+05:30  INFO 7460 --- [           main] o.s.b.a.w.s.WelcomePageHandlerMapping    : Adding welcome page template: index
2024-02-22T08:46:11.040+05:30  INFO 7460 --- [           main] c.e.EmployeeManagementApplicationTests   : Started EmployeeManagementApplicationTests in 8.219 seconds (process running for 10.088)
]]></system-out>
  </testcase>
</testsuite>